2018-09-14 11:31:44.974内容: 进来了
2018-09-14 11:31:44.977内容: 1--3A54D2B3086B2C26D623187E4FB6B5D9--o1ED6w0aGe-n7UCWPdMiywT4dM5E
2018-09-14 11:31:45.467内容: 进来了
2018-09-14 11:31:45.468内容: 1--3A54D2B3086B2C26D623187E4FB6B5D9--o1ED6w0aGe-n7UCWPdMiywT4dM5E
2018-09-14 11:31:45.499内容: 进来了
2018-09-14 11:31:45.499内容: 1--3A54D2B3086B2C26D623187E4FB6B5D9--o1ED6w0aGe-n7UCWPdMiywT4dM5E
2018-09-14 11:31:59.263内容: 进来了
2018-09-14 11:31:59.263内容: 1--3A54D2B3086B2C26D623187E4FB6B5D9--o1ED6w0aGe-n7UCWPdMiywT4dM5E
2018-09-14 11:31:59.324内容: 进来了
2018-09-14 11:31:59.324内容: 1--3A54D2B3086B2C26D623187E4FB6B5D9--o1ED6w0aGe-n7UCWPdMiywT4dM5E
2018-09-14 11:31:59.350内容: 进来了
2018-09-14 11:31:59.351内容: 1--3A54D2B3086B2C26D623187E4FB6B5D9--o1ED6w0aGe-n7UCWPdMiywT4dM5E
2018-09-14 11:32:17.961内容: 进来了
2018-09-14 11:32:17.962内容: 1--3A54D2B3086B2C26D623187E4FB6B5D9--o1ED6w0aGe-n7UCWPdMiywT4dM5E
2018-09-14 11:32:17.994内容: 进来了
2018-09-14 11:32:17.996内容: 1--3A54D2B3086B2C26D623187E4FB6B5D9--o1ED6w0aGe-n7UCWPdMiywT4dM5E
2018-09-14 11:32:18.022内容: 进来了
2018-09-14 11:32:18.024内容: 1--3A54D2B3086B2C26D623187E4FB6B5D9--o1ED6w0aGe-n7UCWPdMiywT4dM5E
2018-09-14 11:32:24.628内容: 进来了
2018-09-14 11:32:24.629内容: 1--3A54D2B3086B2C26D623187E4FB6B5D9--o1ED6w0aGe-n7UCWPdMiywT4dM5E
2018-09-14 11:32:24.655内容: 进来了
2018-09-14 11:32:24.656内容: 1--3A54D2B3086B2C26D623187E4FB6B5D9--o1ED6w0aGe-n7UCWPdMiywT4dM5E
2018-09-14 11:32:24.681内容: 进来了
2018-09-14 11:32:24.682内容: 1--3A54D2B3086B2C26D623187E4FB6B5D9--o1ED6w0aGe-n7UCWPdMiywT4dM5E
2018-09-14 11:32:26.106内容: 进来了
2018-09-14 11:32:26.107内容: 1--3A54D2B3086B2C26D623187E4FB6B5D9--o1ED6w0aGe-n7UCWPdMiywT4dM5E
2018-09-14 11:32:26.134内容: 进来了
2018-09-14 11:32:26.136内容: 1--3A54D2B3086B2C26D623187E4FB6B5D9--o1ED6w0aGe-n7UCWPdMiywT4dM5E
2018-09-14 11:32:26.163内容: 进来了
2018-09-14 11:32:26.163内容: 1--3A54D2B3086B2C26D623187E4FB6B5D9--o1ED6w0aGe-n7UCWPdMiywT4dM5E
2018-09-14 11:32:30.639内容: 进来了
2018-09-14 11:32:30.640内容: 1--3A54D2B3086B2C26D623187E4FB6B5D9--o1ED6w0aGe-n7UCWPdMiywT4dM5E
2018-09-14 11:32:30.672内容: 进来了
2018-09-14 11:32:30.673内容: 1--3A54D2B3086B2C26D623187E4FB6B5D9--o1ED6w0aGe-n7UCWPdMiywT4dM5E
2018-09-14 11:32:30.697内容: 进来了
2018-09-14 11:32:30.698内容: 1--3A54D2B3086B2C26D623187E4FB6B5D9--o1ED6w0aGe-n7UCWPdMiywT4dM5E
2018-09-14 11:32:32.117内容: 进来了
2018-09-14 11:32:32.118内容: 1--3A54D2B3086B2C26D623187E4FB6B5D9--o1ED6w0aGe-n7UCWPdMiywT4dM5E
2018-09-14 11:32:32.145内容: 进来了
2018-09-14 11:32:32.145内容: 1--3A54D2B3086B2C26D623187E4FB6B5D9--o1ED6w0aGe-n7UCWPdMiywT4dM5E
2018-09-14 11:32:32.171内容: 进来了
2018-09-14 11:32:32.171内容: 1--3A54D2B3086B2C26D623187E4FB6B5D9--o1ED6w0aGe-n7UCWPdMiywT4dM5E
2018-09-14 11:32:35.607内容: 进来了
2018-09-14 11:32:35.608内容: 1--3A54D2B3086B2C26D623187E4FB6B5D9--o1ED6w0aGe-n7UCWPdMiywT4dM5E
2018-09-14 11:32:35.646内容: 进来了
2018-09-14 11:32:35.649内容: 1--3A54D2B3086B2C26D623187E4FB6B5D9--o1ED6w0aGe-n7UCWPdMiywT4dM5E
2018-09-14 11:32:35.730内容: 进来了
2018-09-14 11:32:35.733内容: 1--3A54D2B3086B2C26D623187E4FB6B5D9--o1ED6w0aGe-n7UCWPdMiywT4dM5E
2018-09-14 11:32:36.583内容: 进来了
2018-09-14 11:32:36.583内容: 1--3A54D2B3086B2C26D623187E4FB6B5D9--o1ED6w0aGe-n7UCWPdMiywT4dM5E
2018-09-14 11:32:36.650内容: 进来了
2018-09-14 11:32:36.650内容: 1--3A54D2B3086B2C26D623187E4FB6B5D9--o1ED6w0aGe-n7UCWPdMiywT4dM5E
2018-09-14 11:32:36.674内容: 进来了
2018-09-14 11:32:36.675内容: 1--3A54D2B3086B2C26D623187E4FB6B5D9--o1ED6w0aGe-n7UCWPdMiywT4dM5E
2018-09-14 11:32:46.258内容: 进来了
2018-09-14 11:32:46.259内容: 1--3A54D2B3086B2C26D623187E4FB6B5D9--o1ED6w0aGe-n7UCWPdMiywT4dM5E
2018-09-14 11:32:46.295内容: 进来了
2018-09-14 11:32:46.296内容: 1--3A54D2B3086B2C26D623187E4FB6B5D9--o1ED6w0aGe-n7UCWPdMiywT4dM5E
2018-09-14 11:32:46.825内容: 进来了
2018-09-14 11:32:46.825内容: 1--3A54D2B3086B2C26D623187E4FB6B5D9--o1ED6w0aGe-n7UCWPdMiywT4dM5E
2018-09-14 11:32:46.891内容: 进来了
2018-09-14 11:32:46.892内容: 1--3A54D2B3086B2C26D623187E4FB6B5D9--o1ED6w0aGe-n7UCWPdMiywT4dM5E
2018-09-14 11:32:46.920内容: 进来了
2018-09-14 11:32:46.920内容: 1--3A54D2B3086B2C26D623187E4FB6B5D9--o1ED6w0aGe-n7UCWPdMiywT4dM5E
2018-09-14 11:33:01.036内容: 进来了
2018-09-14 11:33:01.037内容: 1--3A54D2B3086B2C26D623187E4FB6B5D9--o1ED6w0aGe-n7UCWPdMiywT4dM5E
2018-09-14 11:33:01.102内容: 进来了
2018-09-14 11:33:01.102内容: 1--3A54D2B3086B2C26D623187E4FB6B5D9--o1ED6w0aGe-n7UCWPdMiywT4dM5E
2018-09-14 11:33:01.127内容: 进来了
2018-09-14 11:33:01.129内容: 1--3A54D2B3086B2C26D623187E4FB6B5D9--o1ED6w0aGe-n7UCWPdMiywT4dM5E
2018-09-14 11:33:08.393内容: 进来了
2018-09-14 11:33:08.394内容: 1--3A54D2B3086B2C26D623187E4FB6B5D9--o1ED6w0aGe-n7UCWPdMiywT4dM5E
2018-09-14 11:33:08.428内容: 进来了
2018-09-14 11:33:08.430内容: 1--3A54D2B3086B2C26D623187E4FB6B5D9--o1ED6w0aGe-n7UCWPdMiywT4dM5E
2018-09-14 11:33:08.454内容: 进来了
2018-09-14 11:33:08.455内容: 1--3A54D2B3086B2C26D623187E4FB6B5D9--o1ED6w0aGe-n7UCWPdMiywT4dM5E
2018-09-14 11:33:08.937内容: 进来了
2018-09-14 11:33:08.937内容: 1--3A54D2B3086B2C26D623187E4FB6B5D9--o1ED6w0aGe-n7UCWPdMiywT4dM5E
2018-09-14 11:33:09.011内容: 进来了
2018-09-14 11:33:09.012内容: 1--3A54D2B3086B2C26D623187E4FB6B5D9--o1ED6w0aGe-n7UCWPdMiywT4dM5E
2018-09-14 11:33:09.037内容: 进来了
2018-09-14 11:33:09.038内容: 1--3A54D2B3086B2C26D623187E4FB6B5D9--o1ED6w0aGe-n7UCWPdMiywT4dM5E
2018-09-14 11:33:42.252内容: 进来了
2018-09-14 11:33:42.253内容: 1--3A54D2B3086B2C26D623187E4FB6B5D9--o1ED6w0aGe-n7UCWPdMiywT4dM5E
2018-09-14 11:33:42.301内容: 进来了
2018-09-14 11:33:42.303内容: 1--3A54D2B3086B2C26D623187E4FB6B5D9--o1ED6w0aGe-n7UCWPdMiywT4dM5E
2018-09-14 11:33:42.346内容: 进来了
2018-09-14 11:33:42.346内容: 1--3A54D2B3086B2C26D623187E4FB6B5D9--o1ED6w0aGe-n7UCWPdMiywT4dM5E
2018-09-14 11:33:45.662内容: 进来了
2018-09-14 11:33:45.663内容: 1--3A54D2B3086B2C26D623187E4FB6B5D9--o1ED6w0aGe-n7UCWPdMiywT4dM5E
2018-09-14 11:33:45.695内容: 进来了
2018-09-14 11:33:45.696内容: 1--3A54D2B3086B2C26D623187E4FB6B5D9--o1ED6w0aGe-n7UCWPdMiywT4dM5E
2018-09-14 11:33:45.719内容: 进来了
2018-09-14 11:33:45.719内容: 1--3A54D2B3086B2C26D623187E4FB6B5D9--o1ED6w0aGe-n7UCWPdMiywT4dM5E
2018-09-14 11:33:46.780内容: 进来了
2018-09-14 11:33:46.781内容: 1--3A54D2B3086B2C26D623187E4FB6B5D9--o1ED6w0aGe-n7UCWPdMiywT4dM5E
2018-09-14 11:33:46.809内容: 进来了
2018-09-14 11:33:46.810内容: 1--3A54D2B3086B2C26D623187E4FB6B5D9--o1ED6w0aGe-n7UCWPdMiywT4dM5E
2018-09-14 11:33:46.837内容: 进来了
2018-09-14 11:33:46.837内容: 1--3A54D2B3086B2C26D623187E4FB6B5D9--o1ED6w0aGe-n7UCWPdMiywT4dM5E
2018-09-14 11:37:11.059内容: 进来了
2018-09-14 11:37:11.059内容: 1--3A54D2B3086B2C26D623187E4FB6B5D9--o1ED6w0aGe-n7UCWPdMiywT4dM5E
2018-09-14 11:37:11.125内容: 进来了
2018-09-14 11:37:11.126内容: 1--3A54D2B3086B2C26D623187E4FB6B5D9--o1ED6w0aGe-n7UCWPdMiywT4dM5E
2018-09-14 11:37:11.155内容: 进来了
2018-09-14 11:37:11.155内容: 1--3A54D2B3086B2C26D623187E4FB6B5D9--o1ED6w0aGe-n7UCWPdMiywT4dM5E
2018-09-14 11:37:40.602内容: 进来了
2018-09-14 11:37:40.604内容: 1--3A54D2B3086B2C26D623187E4FB6B5D9--o1ED6w0aGe-n7UCWPdMiywT4dM5E
2018-09-14 11:37:40.649内容: 进来了
2018-09-14 11:37:40.650内容: 1--3A54D2B3086B2C26D623187E4FB6B5D9--o1ED6w0aGe-n7UCWPdMiywT4dM5E
2018-09-14 11:37:40.689内容: 进来了
2018-09-14 11:37:40.690内容: 1--3A54D2B3086B2C26D623187E4FB6B5D9--o1ED6w0aGe-n7UCWPdMiywT4dM5E
2018-09-14 11:37:45.695内容: 进来了
2018-09-14 11:37:45.695内容: 1--3A54D2B3086B2C26D623187E4FB6B5D9--o1ED6w0aGe-n7UCWPdMiywT4dM5E
2018-09-14 11:37:45.730内容: 进来了
2018-09-14 11:37:45.731内容: 1--3A54D2B3086B2C26D623187E4FB6B5D9--o1ED6w0aGe-n7UCWPdMiywT4dM5E
2018-09-14 11:37:45.760内容: 进来了
2018-09-14 11:37:45.761内容: 1--3A54D2B3086B2C26D623187E4FB6B5D9--o1ED6w0aGe-n7UCWPdMiywT4dM5E
2018-09-14 11:37:50.661内容: 进来了
2018-09-14 11:37:50.661内容: 1--3A54D2B3086B2C26D623187E4FB6B5D9--o1ED6w0aGe-n7UCWPdMiywT4dM5E
2018-09-14 11:37:50.738内容: 进来了
2018-09-14 11:37:50.738内容: 1--3A54D2B3086B2C26D623187E4FB6B5D9--o1ED6w0aGe-n7UCWPdMiywT4dM5E
2018-09-14 11:37:50.766内容: 进来了
2018-09-14 11:37:50.768内容: 1--3A54D2B3086B2C26D623187E4FB6B5D9--o1ED6w0aGe-n7UCWPdMiywT4dM5E
2018-09-14 11:37:56.614内容: 进来了
2018-09-14 11:37:56.615内容: 1--3A54D2B3086B2C26D623187E4FB6B5D9--o1ED6w0aGe-n7UCWPdMiywT4dM5E
2018-09-14 11:37:56.652内容: 进来了
2018-09-14 11:37:56.653内容: 1--3A54D2B3086B2C26D623187E4FB6B5D9--o1ED6w0aGe-n7UCWPdMiywT4dM5E
2018-09-14 11:37:56.677内容: 进来了
2018-09-14 11:37:56.677内容: 1--3A54D2B3086B2C26D623187E4FB6B5D9--o1ED6w0aGe-n7UCWPdMiywT4dM5E
2018-09-14 11:38:09.142内容: 进来了
2018-09-14 11:38:09.143内容: 1--3A54D2B3086B2C26D623187E4FB6B5D9--o1ED6w0aGe-n7UCWPdMiywT4dM5E
2018-09-14 11:38:09.173内容: 进来了
2018-09-14 11:38:09.173内容: 1--3A54D2B3086B2C26D623187E4FB6B5D9--o1ED6w0aGe-n7UCWPdMiywT4dM5E
2018-09-14 11:38:10.825内容: 进来了
2018-09-14 11:38:10.826内容: 1--3A54D2B3086B2C26D623187E4FB6B5D9--o1ED6w0aGe-n7UCWPdMiywT4dM5E
2018-09-14 11:38:10.851内容: 进来了
2018-09-14 11:38:10.852内容: 1--3A54D2B3086B2C26D623187E4FB6B5D9--o1ED6w0aGe-n7UCWPdMiywT4dM5E
2018-09-14 11:38:16.270内容: 进来了
2018-09-14 11:38:16.271内容: 1--3A54D2B3086B2C26D623187E4FB6B5D9--o1ED6w0aGe-n7UCWPdMiywT4dM5E
2018-09-14 11:38:16.297内容: 进来了
2018-09-14 11:38:16.298内容: 1--3A54D2B3086B2C26D623187E4FB6B5D9--o1ED6w0aGe-n7UCWPdMiywT4dM5E
2018-09-14 11:38:19.320内容: 进来了
2018-09-14 11:38:19.321内容: 1--3A54D2B3086B2C26D623187E4FB6B5D9--o1ED6w0aGe-n7UCWPdMiywT4dM5E
2018-09-14 11:38:19.384内容: 进来了
2018-09-14 11:38:19.384内容: 1--3A54D2B3086B2C26D623187E4FB6B5D9--o1ED6w0aGe-n7UCWPdMiywT4dM5E
2018-09-14 11:38:36.418内容: 进来了
2018-09-14 11:38:36.419内容: 1--3A54D2B3086B2C26D623187E4FB6B5D9--o1ED6w0aGe-n7UCWPdMiywT4dM5E
2018-09-14 11:38:36.478内容: 进来了
2018-09-14 11:38:36.479内容: 1--3A54D2B3086B2C26D623187E4FB6B5D9--o1ED6w0aGe-n7UCWPdMiywT4dM5E
2018-09-14 11:38:40.166内容: 进来了
2018-09-14 11:38:40.167内容: 1--3A54D2B3086B2C26D623187E4FB6B5D9--o1ED6w0aGe-n7UCWPdMiywT4dM5E
2018-09-14 11:38:40.191内容: 进来了
2018-09-14 11:38:40.191内容: 1--3A54D2B3086B2C26D623187E4FB6B5D9--o1ED6w0aGe-n7UCWPdMiywT4dM5E
2018-09-14 11:38:40.786内容: 进来了
2018-09-14 11:38:40.787内容: 1--3A54D2B3086B2C26D623187E4FB6B5D9--o1ED6w0aGe-n7UCWPdMiywT4dM5E
2018-09-14 11:38:40.868内容: 进来了
2018-09-14 11:38:40.869内容: 1--3A54D2B3086B2C26D623187E4FB6B5D9--o1ED6w0aGe-n7UCWPdMiywT4dM5E
2018-09-14 11:39:19.342内容: 进来了
2018-09-14 11:39:19.343内容: 1--3A54D2B3086B2C26D623187E4FB6B5D9--o1ED6w0aGe-n7UCWPdMiywT4dM5E
2018-09-14 11:39:19.378内容: 进来了
2018-09-14 11:39:19.381内容: 1--3A54D2B3086B2C26D623187E4FB6B5D9--o1ED6w0aGe-n7UCWPdMiywT4dM5E
2018-09-14 11:39:25.783内容: 进来了
2018-09-14 11:39:25.785内容: 1--3A54D2B3086B2C26D623187E4FB6B5D9--o1ED6w0aGe-n7UCWPdMiywT4dM5E
2018-09-14 11:39:25.817内容: 进来了
2018-09-14 11:39:25.818内容: 1--3A54D2B3086B2C26D623187E4FB6B5D9--o1ED6w0aGe-n7UCWPdMiywT4dM5E
2018-09-14 11:39:36.519内容: 进来了
2018-09-14 11:39:36.520内容: 1--3A54D2B3086B2C26D623187E4FB6B5D9--o1ED6w0aGe-n7UCWPdMiywT4dM5E
2018-09-14 11:39:36.550内容: 进来了
2018-09-14 11:39:36.551内容: 1--3A54D2B3086B2C26D623187E4FB6B5D9--o1ED6w0aGe-n7UCWPdMiywT4dM5E
2018-09-14 11:39:39.636内容: 进来了
2018-09-14 11:39:39.636内容: 1--3A54D2B3086B2C26D623187E4FB6B5D9--o1ED6w0aGe-n7UCWPdMiywT4dM5E
2018-09-14 11:39:39.670内容: 进来了
2018-09-14 11:39:39.671内容: 1--3A54D2B3086B2C26D623187E4FB6B5D9--o1ED6w0aGe-n7UCWPdMiywT4dM5E
2018-09-14 11:39:41.335内容: 进来了
2018-09-14 11:39:41.335内容: 1--3A54D2B3086B2C26D623187E4FB6B5D9--o1ED6w0aGe-n7UCWPdMiywT4dM5E
2018-09-14 11:39:41.399内容: 进来了
2018-09-14 11:39:41.400内容: 1--3A54D2B3086B2C26D623187E4FB6B5D9--o1ED6w0aGe-n7UCWPdMiywT4dM5E
2018-09-14 11:39:50.082内容: 进来了
2018-09-14 11:39:50.082内容: 1--3A54D2B3086B2C26D623187E4FB6B5D9--o1ED6w0aGe-n7UCWPdMiywT4dM5E
2018-09-14 11:39:50.111内容: 进来了
2018-09-14 11:39:50.112内容: 1--3A54D2B3086B2C26D623187E4FB6B5D9--o1ED6w0aGe-n7UCWPdMiywT4dM5E
2018-09-14 11:39:56.872内容: 进来了
2018-09-14 11:39:56.872内容: 1--3A54D2B3086B2C26D623187E4FB6B5D9--o1ED6w0aGe-n7UCWPdMiywT4dM5E
2018-09-14 11:39:56.908内容: 进来了
2018-09-14 11:39:56.909内容: 1--3A54D2B3086B2C26D623187E4FB6B5D9--o1ED6w0aGe-n7UCWPdMiywT4dM5E
2018-09-14 11:40:08.315内容: 进来了
2018-09-14 11:40:08.315内容: 1--3A54D2B3086B2C26D623187E4FB6B5D9--o1ED6w0aGe-n7UCWPdMiywT4dM5E
2018-09-14 11:40:08.354内容: 进来了
2018-09-14 11:40:08.354内容: 1--3A54D2B3086B2C26D623187E4FB6B5D9--o1ED6w0aGe-n7UCWPdMiywT4dM5E
2018-09-14 11:40:10.907内容: 进来了
2018-09-14 11:40:10.908内容: 1--3A54D2B3086B2C26D623187E4FB6B5D9--o1ED6w0aGe-n7UCWPdMiywT4dM5E
2018-09-14 11:40:10.967内容: 进来了
2018-09-14 11:40:10.968内容: 1--3A54D2B3086B2C26D623187E4FB6B5D9--o1ED6w0aGe-n7UCWPdMiywT4dM5E
2018-09-14 11:40:15.530内容: 进来了
2018-09-14 11:40:15.531内容: 1--3A54D2B3086B2C26D623187E4FB6B5D9--o1ED6w0aGe-n7UCWPdMiywT4dM5E
2018-09-14 11:40:15.594内容: 进来了
2018-09-14 11:40:15.596内容: 1--3A54D2B3086B2C26D623187E4FB6B5D9--o1ED6w0aGe-n7UCWPdMiywT4dM5E
2018-09-14 11:40:22.071内容: 进来了
2018-09-14 11:40:22.072内容: 1--3A54D2B3086B2C26D623187E4FB6B5D9--o1ED6w0aGe-n7UCWPdMiywT4dM5E
2018-09-14 11:40:22.132内容: 进来了
2018-09-14 11:40:22.133内容: 1--3A54D2B3086B2C26D623187E4FB6B5D9--o1ED6w0aGe-n7UCWPdMiywT4dM5E
2018-09-14 11:40:32.981内容: 进来了
2018-09-14 11:40:32.982内容: 1--3A54D2B3086B2C26D623187E4FB6B5D9--o1ED6w0aGe-n7UCWPdMiywT4dM5E
2018-09-14 11:40:34.087内容: 进来了
2018-09-14 11:40:34.088内容: 1--3A54D2B3086B2C26D623187E4FB6B5D9--o1ED6w0aGe-n7UCWPdMiywT4dM5E
2018-09-14 11:40:34.117内容: 进来了
2018-09-14 11:40:34.118内容: 1--3A54D2B3086B2C26D623187E4FB6B5D9--o1ED6w0aGe-n7UCWPdMiywT4dM5E
2018-09-14 11:40:36.039内容: 进来了
2018-09-14 11:40:36.039内容: 1--3A54D2B3086B2C26D623187E4FB6B5D9--o1ED6w0aGe-n7UCWPdMiywT4dM5E
2018-09-14 11:40:36.075内容: 进来了
2018-09-14 11:40:36.075内容: 1--3A54D2B3086B2C26D623187E4FB6B5D9--o1ED6w0aGe-n7UCWPdMiywT4dM5E
2018-09-14 11:40:39.072内容: 进来了
2018-09-14 11:40:39.073内容: 1--3A54D2B3086B2C26D623187E4FB6B5D9--o1ED6w0aGe-n7UCWPdMiywT4dM5E
2018-09-14 11:40:52.297内容: 进来了
2018-09-14 11:40:52.298内容: 1--3A54D2B3086B2C26D623187E4FB6B5D9--o1ED6w0aGe-n7UCWPdMiywT4dM5E
2018-09-14 11:40:52.360内容: 进来了
2018-09-14 11:40:52.361内容: 1--3A54D2B3086B2C26D623187E4FB6B5D9--o1ED6w0aGe-n7UCWPdMiywT4dM5E
2018-09-14 11:40:55.360内容: 进来了
2018-09-14 11:40:55.361内容: 1--3A54D2B3086B2C26D623187E4FB6B5D9--o1ED6w0aGe-n7UCWPdMiywT4dM5E
2018-09-14 11:41:23.841内容: 进来了
2018-09-14 11:41:23.842内容: 1--3A54D2B3086B2C26D623187E4FB6B5D9--o1ED6w0aGe-n7UCWPdMiywT4dM5E
2018-09-14 11:41:23.877内容: 进来了
2018-09-14 11:41:23.878内容: 1--3A54D2B3086B2C26D623187E4FB6B5D9--o1ED6w0aGe-n7UCWPdMiywT4dM5E
2018-09-14 11:41:26.881内容: 进来了
2018-09-14 11:41:26.882内容: 1--3A54D2B3086B2C26D623187E4FB6B5D9--o1ED6w0aGe-n7UCWPdMiywT4dM5E
2018-09-14 11:41:32.139内容: 进来了
2018-09-14 11:41:32.142内容: 1--3A54D2B3086B2C26D623187E4FB6B5D9--o1ED6w0aGe-n7UCWPdMiywT4dM5E
2018-09-14 11:41:32.169内容: 进来了
2018-09-14 11:41:32.169内容: 1--3A54D2B3086B2C26D623187E4FB6B5D9--o1ED6w0aGe-n7UCWPdMiywT4dM5E
2018-09-14 11:41:34.471内容: 进来了
2018-09-14 11:41:34.472内容: 1--3A54D2B3086B2C26D623187E4FB6B5D9--o1ED6w0aGe-n7UCWPdMiywT4dM5E
2018-09-14 11:41:34.500内容: 进来了
2018-09-14 11:41:34.500内容: 1--3A54D2B3086B2C26D623187E4FB6B5D9--o1ED6w0aGe-n7UCWPdMiywT4dM5E
2018-09-14 11:41:35.169内容: 进来了
2018-09-14 11:41:35.169内容: 1--3A54D2B3086B2C26D623187E4FB6B5D9--o1ED6w0aGe-n7UCWPdMiywT4dM5E
2018-09-14 11:41:37.502内容: 进来了
2018-09-14 11:41:37.503内容: 1--3A54D2B3086B2C26D623187E4FB6B5D9--o1ED6w0aGe-n7UCWPdMiywT4dM5E
2018-09-14 11:41:38.220内容: 进来了
2018-09-14 11:41:38.221内容: 1--3A54D2B3086B2C26D623187E4FB6B5D9--o1ED6w0aGe-n7UCWPdMiywT4dM5E
2018-09-14 11:41:38.249内容: 进来了
2018-09-14 11:41:38.249内容: 1--3A54D2B3086B2C26D623187E4FB6B5D9--o1ED6w0aGe-n7UCWPdMiywT4dM5E
2018-09-14 11:41:39.735内容: 进来了
2018-09-14 11:41:39.735内容: 1--3A54D2B3086B2C26D623187E4FB6B5D9--o1ED6w0aGe-n7UCWPdMiywT4dM5E
2018-09-14 11:41:39.765内容: 进来了
2018-09-14 11:41:39.766内容: 1--3A54D2B3086B2C26D623187E4FB6B5D9--o1ED6w0aGe-n7UCWPdMiywT4dM5E
2018-09-14 11:41:42.769内容: 进来了
2018-09-14 11:41:42.771内容: 1--3A54D2B3086B2C26D623187E4FB6B5D9--o1ED6w0aGe-n7UCWPdMiywT4dM5E
2018-09-14 11:42:15.763内容: 进来了
2018-09-14 11:42:15.765内容: 1--3A54D2B3086B2C26D623187E4FB6B5D9--o1ED6w0aGe-n7UCWPdMiywT4dM5E
2018-09-14 11:42:16.302内容: 进来了
2018-09-14 11:42:16.303内容: 1--3A54D2B3086B2C26D623187E4FB6B5D9--o1ED6w0aGe-n7UCWPdMiywT4dM5E
2018-09-14 11:42:16.330内容: 进来了
2018-09-14 11:42:16.331内容: 1--3A54D2B3086B2C26D623187E4FB6B5D9--o1ED6w0aGe-n7UCWPdMiywT4dM5E
2018-09-14 11:42:54.566内容: 进来了
2018-09-14 11:42:54.567内容: 1--3A54D2B3086B2C26D623187E4FB6B5D9--o1ED6w0aGe-n7UCWPdMiywT4dM5E
2018-09-14 11:42:54.607内容: 进来了
2018-09-14 11:42:54.608内容: 1--3A54D2B3086B2C26D623187E4FB6B5D9--o1ED6w0aGe-n7UCWPdMiywT4dM5E
2018-09-14 11:42:55.805内容: 进来了
2018-09-14 11:42:55.805内容: 1--3A54D2B3086B2C26D623187E4FB6B5D9--o1ED6w0aGe-n7UCWPdMiywT4dM5E
2018-09-14 11:42:55.829内容: 进来了
2018-09-14 11:42:55.829内容: 1--3A54D2B3086B2C26D623187E4FB6B5D9--o1ED6w0aGe-n7UCWPdMiywT4dM5E
2018-09-14 11:43:12.117内容: 进来了
2018-09-14 11:43:12.117内容: 1--3A54D2B3086B2C26D623187E4FB6B5D9--o1ED6w0aGe-n7UCWPdMiywT4dM5E
2018-09-14 11:43:15.792内容: 进来了
2018-09-14 11:43:15.793内容: 1--3A54D2B3086B2C26D623187E4FB6B5D9--o1ED6w0aGe-n7UCWPdMiywT4dM5E
2018-09-14 11:43:15.817内容: 进来了
2018-09-14 11:43:15.817内容: 1--3A54D2B3086B2C26D623187E4FB6B5D9--o1ED6w0aGe-n7UCWPdMiywT4dM5E
2018-09-14 11:43:18.289内容: 进来了
2018-09-14 11:43:18.289内容: 1--3A54D2B3086B2C26D623187E4FB6B5D9--o1ED6w0aGe-n7UCWPdMiywT4dM5E
2018-09-14 11:43:19.660内容: 进来了
2018-09-14 11:43:19.660内容: 1--3A54D2B3086B2C26D623187E4FB6B5D9--o1ED6w0aGe-n7UCWPdMiywT4dM5E
2018-09-14 11:43:19.687内容: 进来了
2018-09-14 11:43:19.687内容: 1--3A54D2B3086B2C26D623187E4FB6B5D9--o1ED6w0aGe-n7UCWPdMiywT4dM5E
2018-09-14 11:43:22.381内容: 进来了
2018-09-14 11:43:22.382内容: 1--3A54D2B3086B2C26D623187E4FB6B5D9--o1ED6w0aGe-n7UCWPdMiywT4dM5E
2018-09-14 11:43:24.370内容: 进来了
2018-09-14 11:43:24.371内容: 1--3A54D2B3086B2C26D623187E4FB6B5D9--o1ED6w0aGe-n7UCWPdMiywT4dM5E
2018-09-14 11:43:26.079内容: 进来了
2018-09-14 11:43:26.080内容: 1--3A54D2B3086B2C26D623187E4FB6B5D9--o1ED6w0aGe-n7UCWPdMiywT4dM5E
2018-09-14 11:43:26.101内容: 进来了
2018-09-14 11:43:26.102内容: 1--3A54D2B3086B2C26D623187E4FB6B5D9--o1ED6w0aGe-n7UCWPdMiywT4dM5E
2018-09-14 11:43:29.022内容: 进来了
2018-09-14 11:43:29.023内容: 1--3A54D2B3086B2C26D623187E4FB6B5D9--o1ED6w0aGe-n7UCWPdMiywT4dM5E
2018-09-14 11:43:31.544内容: 进来了
2018-09-14 11:43:31.544内容: 1--3A54D2B3086B2C26D623187E4FB6B5D9--o1ED6w0aGe-n7UCWPdMiywT4dM5E
2018-09-14 11:43:34.586内容: 进来了
2018-09-14 11:43:34.588内容: 1--3A54D2B3086B2C26D623187E4FB6B5D9--o1ED6w0aGe-n7UCWPdMiywT4dM5E
2018-09-14 11:44:06.833内容: 进来了
2018-09-14 11:44:06.833内容: 1--3A54D2B3086B2C26D623187E4FB6B5D9--o1ED6w0aGe-n7UCWPdMiywT4dM5E
2018-09-14 11:44:09.879内容: 进来了
2018-09-14 11:44:09.881内容: 1--3A54D2B3086B2C26D623187E4FB6B5D9--o1ED6w0aGe-n7UCWPdMiywT4dM5E
2018-09-14 11:45:29.303内容: 进来了
2018-09-14 11:45:29.304内容: 1--3A54D2B3086B2C26D623187E4FB6B5D9--o1ED6w0aGe-n7UCWPdMiywT4dM5E
2018-09-14 11:45:32.707内容: 进来了
2018-09-14 11:45:32.707内容: 1--3A54D2B3086B2C26D623187E4FB6B5D9--o1ED6w0aGe-n7UCWPdMiywT4dM5E
2018-09-14 11:46:37.111内容: 进来了
2018-09-14 11:46:37.112内容: 1--3A54D2B3086B2C26D623187E4FB6B5D9,3A54D2B3086B2C26D623187E4FB6B5D9--o1ED6w0aGe-n7UCWPdMiywT4dM5E?userid=1,o1ED6w0aGe-n7UCWPdMiywT4dM5E
2018-09-14 11:46:37.814内容: 进来了
2018-09-14 11:46:37.814内容: 1--3A54D2B3086B2C26D623187E4FB6B5D9--o1ED6w0aGe-n7UCWPdMiywT4dM5E
2018-09-14 11:46:40.851内容: 进来了
2018-09-14 11:46:40.852内容: 1--3A54D2B3086B2C26D623187E4FB6B5D9--o1ED6w0aGe-n7UCWPdMiywT4dM5E
2018-09-14 11:48:16.894内容: 进来了
2018-09-14 11:48:16.895内容: 1--3A54D2B3086B2C26D623187E4FB6B5D9,3A54D2B3086B2C26D623187E4FB6B5D9--o1ED6w0aGe-n7UCWPdMiywT4dM5E?userid=1,o1ED6w0aGe-n7UCWPdMiywT4dM5E
2018-09-14 11:48:18.219内容: 进来了
2018-09-14 11:48:18.220内容: 1--3A54D2B3086B2C26D623187E4FB6B5D9,3A54D2B3086B2C26D623187E4FB6B5D9,3A54D2B3086B2C26D623187E4FB6B5D9--o1ED6w0aGe-n7UCWPdMiywT4dM5E?userid=1,o1ED6w0aGe-n7UCWPdMiywT4dM5E?userid=1,o1ED6w0aGe-n7UCWPdMiywT4dM5E
2018-09-14 11:48:19.894内容: 进来了
2018-09-14 11:48:19.894内容: 1--3A54D2B3086B2C26D623187E4FB6B5D9,3A54D2B3086B2C26D623187E4FB6B5D9,3A54D2B3086B2C26D623187E4FB6B5D9,3A54D2B3086B2C26D623187E4FB6B5D9--o1ED6w0aGe-n7UCWPdMiywT4dM5E?userid=1,o1ED6w0aGe-n7UCWPdMiywT4dM5E?userid=1,o1ED6w0aGe-n7UCWPdMiywT4dM5E?userid=1,o1ED6w0aGe-n7UCWPdMiywT4dM5E
2018-09-14 11:48:21.793内容: 进来了
2018-09-14 11:48:21.795内容: 1--3A54D2B3086B2C26D623187E4FB6B5D9,3A54D2B3086B2C26D623187E4FB6B5D9,3A54D2B3086B2C26D623187E4FB6B5D9,3A54D2B3086B2C26D623187E4FB6B5D9,3A54D2B3086B2C26D623187E4FB6B5D9--o1ED6w0aGe-n7UCWPdMiywT4dM5E?userid=1,o1ED6w0aGe-n7UCWPdMiywT4dM5E?userid=1,o1ED6w0aGe-n7UCWPdMiywT4dM5E?userid=1,o1ED6w0aGe-n7UCWPdMiywT4dM5E?userid=1,o1ED6w0aGe-n7UCWPdMiywT4dM5E
2018-09-14 11:48:23.645内容: 进来了
2018-09-14 11:48:23.646内容: 1--3A54D2B3086B2C26D623187E4FB6B5D9,3A54D2B3086B2C26D623187E4FB6B5D9,3A54D2B3086B2C26D623187E4FB6B5D9,3A54D2B3086B2C26D623187E4FB6B5D9,3A54D2B3086B2C26D623187E4FB6B5D9,3A54D2B3086B2C26D623187E4FB6B5D9--o1ED6w0aGe-n7UCWPdMiywT4dM5E?userid=1,o1ED6w0aGe-n7UCWPdMiywT4dM5E?userid=1,o1ED6w0aGe-n7UCWPdMiywT4dM5E?userid=1,o1ED6w0aGe-n7UCWPdMiywT4dM5E?userid=1,o1ED6w0aGe-n7UCWPdMiywT4dM5E?userid=1,o1ED6w0aGe-n7UCWPdMiywT4dM5E
2018-09-14 11:48:25.194内容: 进来了
2018-09-14 11:48:25.195内容: 1--3A54D2B3086B2C26D623187E4FB6B5D9--o1ED6w0aGe-n7UCWPdMiywT4dM5E
2018-09-14 11:48:28.225内容: 进来了
2018-09-14 11:48:28.226内容: 1--3A54D2B3086B2C26D623187E4FB6B5D9--o1ED6w0aGe-n7UCWPdMiywT4dM5E
2018-09-14 11:49:07.678内容: 进来了
2018-09-14 11:49:07.678内容: 1--3A54D2B3086B2C26D623187E4FB6B5D9--o1ED6w0aGe-n7UCWPdMiywT4dM5E
2018-09-14 11:49:10.710内容: 进来了
2018-09-14 11:49:10.711内容: 1--3A54D2B3086B2C26D623187E4FB6B5D9--o1ED6w0aGe-n7UCWPdMiywT4dM5E
2018-09-14 14:11:22.519内容: 进来了
2018-09-14 14:11:22.521内容: 1--3A54D2B3086B2C26D623187E4FB6B5D9--o1ED6w0aGe-n7UCWPdMiywT4dM5E
2018-09-14 14:11:25.619内容: 进来了
2018-09-14 14:11:25.620内容: 1--3A54D2B3086B2C26D623187E4FB6B5D9--o1ED6w0aGe-n7UCWPdMiywT4dM5E
2018-09-14 14:11:57.701内容: 进来了
2018-09-14 14:11:57.701内容: 1--3A54D2B3086B2C26D623187E4FB6B5D9--o1ED6w0aGe-n7UCWPdMiywT4dM5E
2018-09-14 14:12:00.753内容: 进来了
2018-09-14 14:12:00.755内容: 1--3A54D2B3086B2C26D623187E4FB6B5D9--o1ED6w0aGe-n7UCWPdMiywT4dM5E
2018-09-14 14:12:39.281内容: 进来了
2018-09-14 14:12:39.282内容: 1--3A54D2B3086B2C26D623187E4FB6B5D9--o1ED6w0aGe-n7UCWPdMiywT4dM5E
2018-09-14 14:12:42.321内容: 进来了
2018-09-14 14:12:42.323内容: 1--3A54D2B3086B2C26D623187E4FB6B5D9--o1ED6w0aGe-n7UCWPdMiywT4dM5E
2018-09-14 14:15:06.671内容: 进来了
2018-09-14 14:15:06.673内容: 1--3A54D2B3086B2C26D623187E4FB6B5D9--o1ED6w0aGe-n7UCWPdMiywT4dM5E
2018-09-14 14:15:09.732内容: 进来了
2018-09-14 14:15:09.734内容: 1--3A54D2B3086B2C26D623187E4FB6B5D9--o1ED6w0aGe-n7UCWPdMiywT4dM5E
2018-09-14 15:36:48.005内容: 进来了
2018-09-14 15:36:48.013内容: 1--3A54D2B3086B2C26D623187E4FB6B5D9--o1ED6w0aGe-n7UCWPdMiywT4dM5E
2018-09-14 15:37:11.209内容: 进来了
2018-09-14 15:37:11.209内容: 1--3A54D2B3086B2C26D623187E4FB6B5D9--o1ED6w0aGe-n7UCWPdMiywT4dM5E
2018-09-14 15:37:14.676内容: 进来了
2018-09-14 15:37:14.676内容: 1--3A54D2B3086B2C26D623187E4FB6B5D9--o1ED6w0aGe-n7UCWPdMiywT4dM5E
2018-09-14 15:37:22.032内容: 进来了
2018-09-14 15:37:22.032内容: 1--3A54D2B3086B2C26D623187E4FB6B5D9--o1ED6w0aGe-n7UCWPdMiywT4dM5E
2018-09-14 15:37:25.109内容: 进来了
2018-09-14 15:37:25.111内容: 1--3A54D2B3086B2C26D623187E4FB6B5D9--o1ED6w0aGe-n7UCWPdMiywT4dM5E
2018-09-14 15:37:28.757内容: 进来了
2018-09-14 15:37:28.758内容: 1--3A54D2B3086B2C26D623187E4FB6B5D9--o1ED6w0aGe-n7UCWPdMiywT4dM5E
2018-09-14 15:37:31.807内容: 进来了
2018-09-14 15:37:31.808内容: 1--3A54D2B3086B2C26D623187E4FB6B5D9--o1ED6w0aGe-n7UCWPdMiywT4dM5E
2018-09-14 15:37:36.414内容: 进来了
2018-09-14 15:37:36.414内容: 1--3A54D2B3086B2C26D623187E4FB6B5D9--o1ED6w0aGe-n7UCWPdMiywT4dM5E
2018-09-14 15:37:39.471内容: 进来了
2018-09-14 15:37:39.474内容: 1--3A54D2B3086B2C26D623187E4FB6B5D9--o1ED6w0aGe-n7UCWPdMiywT4dM5E
2018-09-14 15:37:42.367内容: 进来了
2018-09-14 15:37:42.368内容: 1--3A54D2B3086B2C26D623187E4FB6B5D9--o1ED6w0aGe-n7UCWPdMiywT4dM5E
2018-09-14 15:37:45.436内容: 进来了
2018-09-14 15:37:45.439内容: 1--3A54D2B3086B2C26D623187E4FB6B5D9--o1ED6w0aGe-n7UCWPdMiywT4dM5E
2018-09-14 15:37:48.220内容: 进来了
2018-09-14 15:37:48.220内容: 1--3A54D2B3086B2C26D623187E4FB6B5D9--o1ED6w0aGe-n7UCWPdMiywT4dM5E
2018-09-14 15:37:51.279内容: 进来了
2018-09-14 15:37:51.280内容: 1--3A54D2B3086B2C26D623187E4FB6B5D9--o1ED6w0aGe-n7UCWPdMiywT4dM5E
2018-09-14 15:37:56.118内容: 进来了
2018-09-14 15:37:56.118内容: 1--3A54D2B3086B2C26D623187E4FB6B5D9--o1ED6w0aGe-n7UCWPdMiywT4dM5E
2018-09-14 15:37:59.173内容: 进来了
2018-09-14 15:37:59.175内容: 1--3A54D2B3086B2C26D623187E4FB6B5D9--o1ED6w0aGe-n7UCWPdMiywT4dM5E
2018-09-14 15:38:05.440内容: 进来了
2018-09-14 15:38:05.440内容: 1--3A54D2B3086B2C26D623187E4FB6B5D9--o1ED6w0aGe-n7UCWPdMiywT4dM5E
2018-09-14 15:38:08.492内容: 进来了
2018-09-14 15:38:08.494内容: 1--3A54D2B3086B2C26D623187E4FB6B5D9--o1ED6w0aGe-n7UCWPdMiywT4dM5E
2018-09-14 15:38:27.405内容: 进来了
2018-09-14 15:38:27.407内容: 1--3A54D2B3086B2C26D623187E4FB6B5D9--o1ED6w0aGe-n7UCWPdMiywT4dM5E
2018-09-14 15:38:30.119内容: 进来了
2018-09-14 15:38:30.119内容: 1--3A54D2B3086B2C26D623187E4FB6B5D9--o1ED6w0aGe-n7UCWPdMiywT4dM5E
2018-09-14 15:38:30.445内容: 进来了
2018-09-14 15:38:30.446内容: 1--3A54D2B3086B2C26D623187E4FB6B5D9--o1ED6w0aGe-n7UCWPdMiywT4dM5E
2018-09-14 15:38:32.533内容: 进来了
2018-09-14 15:38:32.535内容: 1--3A54D2B3086B2C26D623187E4FB6B5D9--o1ED6w0aGe-n7UCWPdMiywT4dM5E
2018-09-14 15:38:33.154内容: 进来了
2018-09-14 15:38:33.156内容: 1--3A54D2B3086B2C26D623187E4FB6B5D9--o1ED6w0aGe-n7UCWPdMiywT4dM5E
2018-09-14 15:38:34.135内容: 进来了
2018-09-14 15:38:34.136内容: 1--3A54D2B3086B2C26D623187E4FB6B5D9--o1ED6w0aGe-n7UCWPdMiywT4dM5E
2018-09-14 15:38:35.582内容: 进来了
2018-09-14 15:38:35.585内容: 1--3A54D2B3086B2C26D623187E4FB6B5D9--o1ED6w0aGe-n7UCWPdMiywT4dM5E
2018-09-14 15:38:37.177内容: 进来了
2018-09-14 15:38:37.178内容: 1--3A54D2B3086B2C26D623187E4FB6B5D9--o1ED6w0aGe-n7UCWPdMiywT4dM5E
2018-09-14 16:27:39.488内容: 1--3A54D2B3086B2C26D623187E4FB6B5D9,3A54D2B3086B2C26D623187E4FB6B5D9,3A54D2B3086B2C26D623187E4FB6B5D9,3A54D2B3086B2C26D623187E4FB6B5D9,3A54D2B3086B2C26D623187E4FB6B5D9,3A54D2B3086B2C26D623187E4FB6B5D9,3A54D2B3086B2C26D623187E4FB6B5D9,3A54D2B3086B2C26D623187E4FB6B5D9,3A54D2B3086B2C26D623187E4FB6B5D9,3A54D2B3086B2C26D623187E4FB6B5D9,3A54D2B3086B2C26D623187E4FB6B5D9,3A54D2B3086B2C26D623187E4FB6B5D9,3A54D2B3086B2C26D623187E4FB6B5D9,3A54D2B3086B2C26D623187E4FB6B5D9,3A54D2B3086B2C26D623187E4FB6B5D9,3A54D2B3086B2C26D623187E4FB6B5D9,3A54D2B3086B2C26D623187E4FB6B5D9,3A54D2B3086B2C26D623187E4FB6B5D9,3A54D2B3086B2C26D623187E4FB6B5D9,3A54D2B3086B2C26D623187E4FB6B5D9--o1ED6w0aGe-n7UCWPdMiywT4dM5E?userid=1,o1ED6w0aGe-n7UCWPdMiywT4dM5E?userid=1,o1ED6w0aGe-n7UCWPdMiywT4dM5E?userid=1,o1ED6w0aGe-n7UCWPdMiywT4dM5E?userid=1,o1ED6w0aGe-n7UCWPdMiywT4dM5E?userid=1,o1ED6w0aGe-n7UCWPdMiywT4dM5E?userid=1,o1ED6w0aGe-n7UCWPdMiywT4dM5E?userid=1,o1ED6w0aGe-n7UCWPdMiywT4dM5E?userid=1,o1ED6w0aGe-n7UCWPdMiywT4dM5E?userid=1,o1ED6w0aGe-n7UCWPdMiywT4dM5E?userid=1,o1ED6w0aGe-n7UCWPdMiywT4dM5E?userid=1,o1ED6w0aGe-n7UCWPdMiywT4dM5E?userid=1,o1ED6w0aGe-n7UCWPdMiywT4dM5E?userid=1,o1ED6w0aGe-n7UCWPdMiywT4dM5E?userid=1,o1ED6w0aGe-n7UCWPdMiywT4dM5E?userid=1,o1ED6w0aGe-n7UCWPdMiywT4dM5E?userid=1,o1ED6w0aGe-n7UCWPdMiywT4dM5E?userid=1,o1ED6w0aGe-n7UCWPdMiywT4dM5E?userid=1,o1ED6w0aGe-n7UCWPdMiywT4dM5E?userid=1,o1ED6w0aGe-n7UCWPdMiywT4dM5E
2018-09-14 16:27:49.725内容: 1--3A54D2B3086B2C26D623187E4FB6B5D9--o1ED6w0aGe-n7UCWPdMiywT4dM5E
2018-09-14 16:28:38.255内容: 1--3A54D2B3086B2C26D623187E4FB6B5D9--o1ED6w0aGe-n7UCWPdMiywT4dM5E
2018-09-14 16:28:40.024内容: 1--3A54D2B3086B2C26D623187E4FB6B5D9--o1ED6w0aGe-n7UCWPdMiywT4dM5E
2018-09-14 16:29:19.277内容: 1--3A54D2B3086B2C26D623187E4FB6B5D9--o1ED6w0aGe-n7UCWPdMiywT4dM5E
2018-09-14 16:30:06.901内容: 1--3A54D2B3086B2C26D623187E4FB6B5D9--o1ED6w0aGe-n7UCWPdMiywT4dM5E
2018-09-14 16:32:25.050内容: 1--3A54D2B3086B2C26D623187E4FB6B5D9--o1ED6w0aGe-n7UCWPdMiywT4dM5E
2018-09-14 16:32:35.591内容: 1--3A54D2B3086B2C26D623187E4FB6B5D9--o1ED6w0aGe-n7UCWPdMiywT4dM5E
2018-09-14 16:32:39.016内容: 1--3A54D2B3086B2C26D623187E4FB6B5D9--o1ED6w0aGe-n7UCWPdMiywT4dM5E
2018-09-14 16:32:40.983内容: 1--3A54D2B3086B2C26D623187E4FB6B5D9--o1ED6w0aGe-n7UCWPdMiywT4dM5E
2018-09-14 16:32:41.725内容: 1--3A54D2B3086B2C26D623187E4FB6B5D9--o1ED6w0aGe-n7UCWPdMiywT4dM5E
2018-09-14 16:33:12.242内容: 1--3A54D2B3086B2C26D623187E4FB6B5D9,3A54D2B3086B2C26D623187E4FB6B5D9--o1ED6w0aGe-n7UCWPdMiywT4dM5E?userid=1,o1ED6w0aGe-n7UCWPdMiywT4dM5E
2018-09-14 16:33:14.186内容: 1--3A54D2B3086B2C26D623187E4FB6B5D9--o1ED6w0aGe-n7UCWPdMiywT4dM5E
2018-09-14 16:33:20.005内容: 1--3A54D2B3086B2C26D623187E4FB6B5D9,3A54D2B3086B2C26D623187E4FB6B5D9--o1ED6w0aGe-n7UCWPdMiywT4dM5E?userid=1,o1ED6w0aGe-n7UCWPdMiywT4dM5E
2018-09-14 16:33:24.569内容: 1--3A54D2B3086B2C26D623187E4FB6B5D9,3A54D2B3086B2C26D623187E4FB6B5D9,3A54D2B3086B2C26D623187E4FB6B5D9--o1ED6w0aGe-n7UCWPdMiywT4dM5E?userid=1,o1ED6w0aGe-n7UCWPdMiywT4dM5E?userid=1,o1ED6w0aGe-n7UCWPdMiywT4dM5E
2018-09-14 16:33:42.373内容: 1--3A54D2B3086B2C26D623187E4FB6B5D9,3A54D2B3086B2C26D623187E4FB6B5D9,3A54D2B3086B2C26D623187E4FB6B5D9--o1ED6w0aGe-n7UCWPdMiywT4dM5E?userid=1,o1ED6w0aGe-n7UCWPdMiywT4dM5E?userid=1,o1ED6w0aGe-n7UCWPdMiywT4dM5E
2018-09-14 16:33:46.708内容: 1--3A54D2B3086B2C26D623187E4FB6B5D9,3A54D2B3086B2C26D623187E4FB6B5D9,3A54D2B3086B2C26D623187E4FB6B5D9--o1ED6w0aGe-n7UCWPdMiywT4dM5E?userid=1,o1ED6w0aGe-n7UCWPdMiywT4dM5E?userid=1,o1ED6w0aGe-n7UCWPdMiywT4dM5E
2018-09-14 16:33:48.249内容: 1--3A54D2B3086B2C26D623187E4FB6B5D9--o1ED6w0aGe-n7UCWPdMiywT4dM5E
2018-09-14 16:33:48.279内容: 1--3A54D2B3086B2C26D623187E4FB6B5D9--o1ED6w0aGe-n7UCWPdMiywT4dM5E
2018-09-14 16:34:00.159内容: 1--3A54D2B3086B2C26D623187E4FB6B5D9--o1ED6w0aGe-n7UCWPdMiywT4dM5E
2018-09-14 16:34:00.212内容: 1--3A54D2B3086B2C26D623187E4FB6B5D9--o1ED6w0aGe-n7UCWPdMiywT4dM5E
2018-09-14 16:35:08.436内容: 1--3A54D2B3086B2C26D623187E4FB6B5D9,3A54D2B3086B2C26D623187E4FB6B5D9--o1ED6w0aGe-n7UCWPdMiywT4dM5E?userid=1,o1ED6w0aGe-n7UCWPdMiywT4dM5E
2018-09-14 16:35:15.828内容: 1--3A54D2B3086B2C26D623187E4FB6B5D9,3A54D2B3086B2C26D623187E4FB6B5D9,3A54D2B3086B2C26D623187E4FB6B5D9--o1ED6w0aGe-n7UCWPdMiywT4dM5E?userid=1,o1ED6w0aGe-n7UCWPdMiywT4dM5E?userid=1,o1ED6w0aGe-n7UCWPdMiywT4dM5E
2018-09-14 16:35:24.632内容: 1--3A54D2B3086B2C26D623187E4FB6B5D9,3A54D2B3086B2C26D623187E4FB6B5D9,3A54D2B3086B2C26D623187E4FB6B5D9,3A54D2B3086B2C26D623187E4FB6B5D9--o1ED6w0aGe-n7UCWPdMiywT4dM5E?userid=1,o1ED6w0aGe-n7UCWPdMiywT4dM5E?userid=1,o1ED6w0aGe-n7UCWPdMiywT4dM5E?userid=1,o1ED6w0aGe-n7UCWPdMiywT4dM5E
2018-09-14 16:35:33.276内容: 1--3A54D2B3086B2C26D623187E4FB6B5D9--o1ED6w0aGe-n7UCWPdMiywT4dM5E
2018-09-14 16:35:34.207内容: 1--3A54D2B3086B2C26D623187E4FB6B5D9--o1ED6w0aGe-n7UCWPdMiywT4dM5E
2018-09-14 16:35:44.064内容: 1--3A54D2B3086B2C26D623187E4FB6B5D9--o1ED6w0aGe-n7UCWPdMiywT4dM5E
2018-09-14 16:35:51.078内容: 1--3A54D2B3086B2C26D623187E4FB6B5D9,3A54D2B3086B2C26D623187E4FB6B5D9--o1ED6w0aGe-n7UCWPdMiywT4dM5E?userid=1,o1ED6w0aGe-n7UCWPdMiywT4dM5E
2018-09-14 16:35:51.820内容: 1--3A54D2B3086B2C26D623187E4FB6B5D9--o1ED6w0aGe-n7UCWPdMiywT4dM5E
2018-09-14 16:36:05.242内容: 1--3A54D2B3086B2C26D623187E4FB6B5D9--o1ED6w0aGe-n7UCWPdMiywT4dM5E
2018-09-14 16:36:05.746内容: 1--3A54D2B3086B2C26D623187E4FB6B5D9--o1ED6w0aGe-n7UCWPdMiywT4dM5E
2018-09-14 16:36:26.221内容: 1--3A54D2B3086B2C26D623187E4FB6B5D9,3A54D2B3086B2C26D623187E4FB6B5D9--o1ED6w0aGe-n7UCWPdMiywT4dM5E?userid=1,o1ED6w0aGe-n7UCWPdMiywT4dM5E
2018-09-14 16:37:27.848内容: 1--3A54D2B3086B2C26D623187E4FB6B5D9,3A54D2B3086B2C26D623187E4FB6B5D9,3A54D2B3086B2C26D623187E4FB6B5D9--o1ED6w0aGe-n7UCWPdMiywT4dM5E?userid=1,o1ED6w0aGe-n7UCWPdMiywT4dM5E?userid=1,o1ED6w0aGe-n7UCWPdMiywT4dM5E
2018-09-14 16:37:32.412内容: 1--3A54D2B3086B2C26D623187E4FB6B5D9,3A54D2B3086B2C26D623187E4FB6B5D9,3A54D2B3086B2C26D623187E4FB6B5D9,3A54D2B3086B2C26D623187E4FB6B5D9--o1ED6w0aGe-n7UCWPdMiywT4dM5E?userid=1,o1ED6w0aGe-n7UCWPdMiywT4dM5E?userid=1,o1ED6w0aGe-n7UCWPdMiywT4dM5E?userid=1,o1ED6w0aGe-n7UCWPdMiywT4dM5E
2018-09-14 16:37:35.970内容: 1--3A54D2B3086B2C26D623187E4FB6B5D9--o1ED6w0aGe-n7UCWPdMiywT4dM5E
2018-09-14 16:37:52.801内容: 1--3A54D2B3086B2C26D623187E4FB6B5D9--o1ED6w0aGe-n7UCWPdMiywT4dM5E
2018-09-14 16:38:12.267内容: 1--3A54D2B3086B2C26D623187E4FB6B5D9,3A54D2B3086B2C26D623187E4FB6B5D9--o1ED6w0aGe-n7UCWPdMiywT4dM5E?userid=1,o1ED6w0aGe-n7UCWPdMiywT4dM5E
2018-09-14 16:38:15.900内容: 1--3A54D2B3086B2C26D623187E4FB6B5D9--o1ED6w0aGe-n7UCWPdMiywT4dM5E
2018-09-14 16:38:15.934内容: 1--3A54D2B3086B2C26D623187E4FB6B5D9--o1ED6w0aGe-n7UCWPdMiywT4dM5E
2018-09-14 16:38:47.313内容: 1--3A54D2B3086B2C26D623187E4FB6B5D9--o1ED6w0aGe-n7UCWPdMiywT4dM5E
2018-09-14 16:38:47.349内容: 1--3A54D2B3086B2C26D623187E4FB6B5D9--o1ED6w0aGe-n7UCWPdMiywT4dM5E
2018-09-14 16:39:04.532内容: 1--3A54D2B3086B2C26D623187E4FB6B5D9--o1ED6w0aGe-n7UCWPdMiywT4dM5E
2018-09-14 16:39:04.561内容: 1--3A54D2B3086B2C26D623187E4FB6B5D9--o1ED6w0aGe-n7UCWPdMiywT4dM5E
2018-09-14 16:39:10.731内容: 1--3A54D2B3086B2C26D623187E4FB6B5D9--o1ED6w0aGe-n7UCWPdMiywT4dM5E
2018-09-14 16:39:10.773内容: 1--3A54D2B3086B2C26D623187E4FB6B5D9--o1ED6w0aGe-n7UCWPdMiywT4dM5E
2018-09-14 16:39:12.148内容: 1--3A54D2B3086B2C26D623187E4FB6B5D9--o1ED6w0aGe-n7UCWPdMiywT4dM5E
2018-09-14 16:39:12.187内容: 1--3A54D2B3086B2C26D623187E4FB6B5D9--o1ED6w0aGe-n7UCWPdMiywT4dM5E
2018-09-14 16:39:49.233内容: 1--3A54D2B3086B2C26D623187E4FB6B5D9,3A54D2B3086B2C26D623187E4FB6B5D9--o1ED6w0aGe-n7UCWPdMiywT4dM5E?userid=1,o1ED6w0aGe-n7UCWPdMiywT4dM5E
2018-09-14 16:39:50.519内容: 1--3A54D2B3086B2C26D623187E4FB6B5D9--o1ED6w0aGe-n7UCWPdMiywT4dM5E
2018-09-14 16:39:50.546内容: 1--3A54D2B3086B2C26D623187E4FB6B5D9--o1ED6w0aGe-n7UCWPdMiywT4dM5E
2018-09-14 16:40:11.214内容: 1--3A54D2B3086B2C26D623187E4FB6B5D9,3A54D2B3086B2C26D623187E4FB6B5D9--o1ED6w0aGe-n7UCWPdMiywT4dM5E?userid=1,o1ED6w0aGe-n7UCWPdMiywT4dM5E
2018-09-14 16:40:11.950内容: 1--3A54D2B3086B2C26D623187E4FB6B5D9--o1ED6w0aGe-n7UCWPdMiywT4dM5E
2018-09-14 16:40:11.987内容: 1--3A54D2B3086B2C26D623187E4FB6B5D9--o1ED6w0aGe-n7UCWPdMiywT4dM5E
2018-09-14 16:40:19.824内容: 1--3A54D2B3086B2C26D623187E4FB6B5D9,3A54D2B3086B2C26D623187E4FB6B5D9--o1ED6w0aGe-n7UCWPdMiywT4dM5E?userid=1,o1ED6w0aGe-n7UCWPdMiywT4dM5E
2018-09-14 16:40:22.315内容: 1--3A54D2B3086B2C26D623187E4FB6B5D9--o1ED6w0aGe-n7UCWPdMiywT4dM5E
2018-09-14 16:40:22.347内容: 1--3A54D2B3086B2C26D623187E4FB6B5D9--o1ED6w0aGe-n7UCWPdMiywT4dM5E
2018-09-14 16:40:28.408内容: 1--3A54D2B3086B2C26D623187E4FB6B5D9,3A54D2B3086B2C26D623187E4FB6B5D9--o1ED6w0aGe-n7UCWPdMiywT4dM5E?userid=1,o1ED6w0aGe-n7UCWPdMiywT4dM5E
2018-09-14 16:40:30.227内容: 1--3A54D2B3086B2C26D623187E4FB6B5D9--o1ED6w0aGe-n7UCWPdMiywT4dM5E
2018-09-14 16:40:30.264内容: 1--3A54D2B3086B2C26D623187E4FB6B5D9--o1ED6w0aGe-n7UCWPdMiywT4dM5E
2018-09-14 16:40:34.098内容: 1--3A54D2B3086B2C26D623187E4FB6B5D9--o1ED6w0aGe-n7UCWPdMiywT4dM5E
2018-09-14 16:40:34.130内容: 1--3A54D2B3086B2C26D623187E4FB6B5D9--o1ED6w0aGe-n7UCWPdMiywT4dM5E
2018-09-14 16:40:43.181内容: 1--3A54D2B3086B2C26D623187E4FB6B5D9,3A54D2B3086B2C26D623187E4FB6B5D9--o1ED6w0aGe-n7UCWPdMiywT4dM5E?userid=1,o1ED6w0aGe-n7UCWPdMiywT4dM5E
2018-09-14 16:40:44.892内容: 1--3A54D2B3086B2C26D623187E4FB6B5D9,3A54D2B3086B2C26D623187E4FB6B5D9,3A54D2B3086B2C26D623187E4FB6B5D9--o1ED6w0aGe-n7UCWPdMiywT4dM5E?userid=1,o1ED6w0aGe-n7UCWPdMiywT4dM5E?userid=1,o1ED6w0aGe-n7UCWPdMiywT4dM5E
2018-09-14 16:41:31.145内容: 1--3A54D2B3086B2C26D623187E4FB6B5D9,3A54D2B3086B2C26D623187E4FB6B5D9,3A54D2B3086B2C26D623187E4FB6B5D9,3A54D2B3086B2C26D623187E4FB6B5D9--o1ED6w0aGe-n7UCWPdMiywT4dM5E?userid=1,o1ED6w0aGe-n7UCWPdMiywT4dM5E?userid=1,o1ED6w0aGe-n7UCWPdMiywT4dM5E?userid=1,o1ED6w0aGe-n7UCWPdMiywT4dM5E
2018-09-14 16:41:34.785内容: 1--3A54D2B3086B2C26D623187E4FB6B5D9,3A54D2B3086B2C26D623187E4FB6B5D9,3A54D2B3086B2C26D623187E4FB6B5D9,3A54D2B3086B2C26D623187E4FB6B5D9,3A54D2B3086B2C26D623187E4FB6B5D9--o1ED6w0aGe-n7UCWPdMiywT4dM5E?userid=1,o1ED6w0aGe-n7UCWPdMiywT4dM5E?userid=1,o1ED6w0aGe-n7UCWPdMiywT4dM5E?userid=1,o1ED6w0aGe-n7UCWPdMiywT4dM5E?userid=1,o1ED6w0aGe-n7UCWPdMiywT4dM5E
2018-09-14 16:41:37.568内容: 1--3A54D2B3086B2C26D623187E4FB6B5D9,3A54D2B3086B2C26D623187E4FB6B5D9,3A54D2B3086B2C26D623187E4FB6B5D9,3A54D2B3086B2C26D623187E4FB6B5D9,3A54D2B3086B2C26D623187E4FB6B5D9,3A54D2B3086B2C26D623187E4FB6B5D9--o1ED6w0aGe-n7UCWPdMiywT4dM5E?userid=1,o1ED6w0aGe-n7UCWPdMiywT4dM5E?userid=1,o1ED6w0aGe-n7UCWPdMiywT4dM5E?userid=1,o1ED6w0aGe-n7UCWPdMiywT4dM5E?userid=1,o1ED6w0aGe-n7UCWPdMiywT4dM5E?userid=1,o1ED6w0aGe-n7UCWPdMiywT4dM5E
2018-09-14 16:41:39.346内容: 1--3A54D2B3086B2C26D623187E4FB6B5D9--o1ED6w0aGe-n7UCWPdMiywT4dM5E
2018-09-14 16:41:39.374内容: 1--3A54D2B3086B2C26D623187E4FB6B5D9--o1ED6w0aGe-n7UCWPdMiywT4dM5E
2018-09-14 16:41:51.121内容: 1--3A54D2B3086B2C26D623187E4FB6B5D9,3A54D2B3086B2C26D623187E4FB6B5D9--o1ED6w0aGe-n7UCWPdMiywT4dM5E?userid=1,o1ED6w0aGe-n7UCWPdMiywT4dM5E
2018-09-14 16:41:54.893内容: 1--3A54D2B3086B2C26D623187E4FB6B5D9,3A54D2B3086B2C26D623187E4FB6B5D9--o1ED6w0aGe-n7UCWPdMiywT4dM5E?userid=1,o1ED6w0aGe-n7UCWPdMiywT4dM5E
2018-09-14 16:42:05.825内容: 1--3A54D2B3086B2C26D623187E4FB6B5D9,3A54D2B3086B2C26D623187E4FB6B5D9--o1ED6w0aGe-n7UCWPdMiywT4dM5E?userid=1,o1ED6w0aGe-n7UCWPdMiywT4dM5E
2018-09-14 16:42:05.940内容: 1--3A54D2B3086B2C26D623187E4FB6B5D9,3A54D2B3086B2C26D623187E4FB6B5D9--o1ED6w0aGe-n7UCWPdMiywT4dM5E?userid=1,o1ED6w0aGe-n7UCWPdMiywT4dM5E
2018-09-14 16:42:12.124内容: 1--3A54D2B3086B2C26D623187E4FB6B5D9,3A54D2B3086B2C26D623187E4FB6B5D9--o1ED6w0aGe-n7UCWPdMiywT4dM5E?userid=1,o1ED6w0aGe-n7UCWPdMiywT4dM5E
2018-09-14 16:42:14.687内容: 1--3A54D2B3086B2C26D623187E4FB6B5D9,3A54D2B3086B2C26D623187E4FB6B5D9--o1ED6w0aGe-n7UCWPdMiywT4dM5E?userid=1,o1ED6w0aGe-n7UCWPdMiywT4dM5E
2018-09-14 16:42:20.222内容: 1--3A54D2B3086B2C26D623187E4FB6B5D9,3A54D2B3086B2C26D623187E4FB6B5D9--o1ED6w0aGe-n7UCWPdMiywT4dM5E?userid=1,o1ED6w0aGe-n7UCWPdMiywT4dM5E
2018-09-14 16:42:21.383内容: 1--3A54D2B3086B2C26D623187E4FB6B5D9,3A54D2B3086B2C26D623187E4FB6B5D9--o1ED6w0aGe-n7UCWPdMiywT4dM5E?userid=1,o1ED6w0aGe-n7UCWPdMiywT4dM5E
2018-09-14 16:42:29.070内容: 1--3A54D2B3086B2C26D623187E4FB6B5D9--o1ED6w0aGe-n7UCWPdMiywT4dM5E
2018-09-14 16:42:29.101内容: 1--3A54D2B3086B2C26D623187E4FB6B5D9--o1ED6w0aGe-n7UCWPdMiywT4dM5E
2018-09-14 16:42:34.282内容: 1--3A54D2B3086B2C26D623187E4FB6B5D9--o1ED6w0aGe-n7UCWPdMiywT4dM5E
2018-09-14 16:42:34.316内容: 1--3A54D2B3086B2C26D623187E4FB6B5D9--o1ED6w0aGe-n7UCWPdMiywT4dM5E
2018-09-14 16:42:44.207内容: 1--3A54D2B3086B2C26D623187E4FB6B5D9--o1ED6w0aGe-n7UCWPdMiywT4dM5E
2018-09-14 16:42:44.240内容: 1--3A54D2B3086B2C26D623187E4FB6B5D9--o1ED6w0aGe-n7UCWPdMiywT4dM5E
2018-09-14 16:42:45.089内容: 1--3A54D2B3086B2C26D623187E4FB6B5D9--o1ED6w0aGe-n7UCWPdMiywT4dM5E
2018-09-14 16:42:45.118内容: 1--3A54D2B3086B2C26D623187E4FB6B5D9--o1ED6w0aGe-n7UCWPdMiywT4dM5E
2018-09-14 16:42:53.958内容: 1--3A54D2B3086B2C26D623187E4FB6B5D9--o1ED6w0aGe-n7UCWPdMiywT4dM5E
2018-09-14 16:42:54.013内容: 1--3A54D2B3086B2C26D623187E4FB6B5D9--o1ED6w0aGe-n7UCWPdMiywT4dM5E
2018-09-14 16:43:00.111内容: 1--3A54D2B3086B2C26D623187E4FB6B5D9--o1ED6w0aGe-n7UCWPdMiywT4dM5E
2018-09-14 16:43:00.141内容: 1--3A54D2B3086B2C26D623187E4FB6B5D9--o1ED6w0aGe-n7UCWPdMiywT4dM5E
2018-09-14 16:43:59.047内容: 1--3A54D2B3086B2C26D623187E4FB6B5D9--o1ED6w0aGe-n7UCWPdMiywT4dM5E
2018-09-14 16:43:59.076内容: 1--3A54D2B3086B2C26D623187E4FB6B5D9--o1ED6w0aGe-n7UCWPdMiywT4dM5E
2018-09-14 16:43:59.608内容: 1--3A54D2B3086B2C26D623187E4FB6B5D9--o1ED6w0aGe-n7UCWPdMiywT4dM5E
2018-09-14 16:43:59.636内容: 1--3A54D2B3086B2C26D623187E4FB6B5D9--o1ED6w0aGe-n7UCWPdMiywT4dM5E
2018-09-14 16:44:04.720内容: 1--3A54D2B3086B2C26D623187E4FB6B5D9--o1ED6w0aGe-n7UCWPdMiywT4dM5E
2018-09-14 16:44:04.763内容: 1--3A54D2B3086B2C26D623187E4FB6B5D9--o1ED6w0aGe-n7UCWPdMiywT4dM5E
2018-09-14 16:44:06.208内容: 1--3A54D2B3086B2C26D623187E4FB6B5D9--o1ED6w0aGe-n7UCWPdMiywT4dM5E
2018-09-14 16:44:06.242内容: 1--3A54D2B3086B2C26D623187E4FB6B5D9--o1ED6w0aGe-n7UCWPdMiywT4dM5E
2018-09-14 16:44:23.916内容: 1--3A54D2B3086B2C26D623187E4FB6B5D9--o1ED6w0aGe-n7UCWPdMiywT4dM5E
2018-09-14 16:44:23.962内容: 1--3A54D2B3086B2C26D623187E4FB6B5D9--o1ED6w0aGe-n7UCWPdMiywT4dM5E
2018-09-14 16:44:39.057内容: 1--3A54D2B3086B2C26D623187E4FB6B5D9--o1ED6w0aGe-n7UCWPdMiywT4dM5E
2018-09-14 16:44:41.907内容: 1--3A54D2B3086B2C26D623187E4FB6B5D9--o1ED6w0aGe-n7UCWPdMiywT4dM5E
2018-09-14 16:44:42.085内容: 1--3A54D2B3086B2C26D623187E4FB6B5D9--o1ED6w0aGe-n7UCWPdMiywT4dM5E
2018-09-14 16:44:44.932内容: 1--3A54D2B3086B2C26D623187E4FB6B5D9--o1ED6w0aGe-n7UCWPdMiywT4dM5E
2018-09-14 16:44:44.957内容: 1--3A54D2B3086B2C26D623187E4FB6B5D9--o1ED6w0aGe-n7UCWPdMiywT4dM5E
2018-09-14 16:44:48.198内容: 1--3A54D2B3086B2C26D623187E4FB6B5D9--o1ED6w0aGe-n7UCWPdMiywT4dM5E
2018-09-14 16:44:50.084内容: 1--3A54D2B3086B2C26D623187E4FB6B5D9--o1ED6w0aGe-n7UCWPdMiywT4dM5E
2018-09-14 16:44:50.836内容: 1--3A54D2B3086B2C26D623187E4FB6B5D9--o1ED6w0aGe-n7UCWPdMiywT4dM5E
2018-09-14 16:44:53.877内容: 1--3A54D2B3086B2C26D623187E4FB6B5D9--o1ED6w0aGe-n7UCWPdMiywT4dM5E
2018-09-14 16:44:53.906内容: 1--3A54D2B3086B2C26D623187E4FB6B5D9--o1ED6w0aGe-n7UCWPdMiywT4dM5E
2018-09-14 16:45:03.110内容: 1--3A54D2B3086B2C26D623187E4FB6B5D9--o1ED6w0aGe-n7UCWPdMiywT4dM5E
2018-09-14 16:45:06.151内容: 1--3A54D2B3086B2C26D623187E4FB6B5D9--o1ED6w0aGe-n7UCWPdMiywT4dM5E
2018-09-14 16:45:06.179内容: 1--3A54D2B3086B2C26D623187E4FB6B5D9--o1ED6w0aGe-n7UCWPdMiywT4dM5E
2018-09-14 16:45:12.648内容: 1--3A54D2B3086B2C26D623187E4FB6B5D9--o1ED6w0aGe-n7UCWPdMiywT4dM5E
2018-09-14 16:45:15.696内容: 1--3A54D2B3086B2C26D623187E4FB6B5D9--o1ED6w0aGe-n7UCWPdMiywT4dM5E
2018-09-14 16:45:15.727内容: 1--3A54D2B3086B2C26D623187E4FB6B5D9--o1ED6w0aGe-n7UCWPdMiywT4dM5E
2018-09-14 17:03:00.197内容: 1--3A54D2B3086B2C26D623187E4FB6B5D9--o1ED6w0aGe-n7UCWPdMiywT4dM5E
2018-09-14 17:03:05.103内容: 1--3A54D2B3086B2C26D623187E4FB6B5D9--o1ED6w0aGe-n7UCWPdMiywT4dM5E
2018-09-14 17:03:08.131内容: 1--3A54D2B3086B2C26D623187E4FB6B5D9--o1ED6w0aGe-n7UCWPdMiywT4dM5E
2018-09-14 17:03:08.159内容: 1--3A54D2B3086B2C26D623187E4FB6B5D9--o1ED6w0aGe-n7UCWPdMiywT4dM5E
2018-09-14 17:13:26.952内容: 1--3A54D2B3086B2C26D623187E4FB6B5D9--o1ED6w0aGe-n7UCWPdMiywT4dM5E
2018-09-14 17:13:27.418内容: 1--3A54D2B3086B2C26D623187E4FB6B5D9--o1ED6w0aGe-n7UCWPdMiywT4dM5E
2018-09-14 17:14:10.691内容: 1--3A54D2B3086B2C26D623187E4FB6B5D9,3A54D2B3086B2C26D623187E4FB6B5D9--o1ED6w0aGe-n7UCWPdMiywT4dM5E?userid=1,o1ED6w0aGe-n7UCWPdMiywT4dM5E
2018-09-14 17:14:11.695内容: 1--3A54D2B3086B2C26D623187E4FB6B5D9--o1ED6w0aGe-n7UCWPdMiywT4dM5E
2018-09-14 17:14:16.742内容: 1--3A54D2B3086B2C26D623187E4FB6B5D9--o1ED6w0aGe-n7UCWPdMiywT4dM5E
2018-09-14 17:14:19.954内容: 1--3A54D2B3086B2C26D623187E4FB6B5D9--o1ED6w0aGe-n7UCWPdMiywT4dM5E
2018-09-14 17:14:55.953内容: 1--3A54D2B3086B2C26D623187E4FB6B5D9,3A54D2B3086B2C26D623187E4FB6B5D9--o1ED6w0aGe-n7UCWPdMiywT4dM5E?userid=1,o1ED6w0aGe-n7UCWPdMiywT4dM5E
2018-09-14 17:19:49.599内容: 1--3A54D2B3086B2C26D623187E4FB6B5D9,3A54D2B3086B2C26D623187E4FB6B5D9--o1ED6w0aGe-n7UCWPdMiywT4dM5E?userid=1,o1ED6w0aGe-n7UCWPdMiywT4dM5E
2018-09-14 17:19:58.270内容: 1--3A54D2B3086B2C26D623187E4FB6B5D9,3A54D2B3086B2C26D623187E4FB6B5D9--o1ED6w0aGe-n7UCWPdMiywT4dM5E?userid=1,o1ED6w0aGe-n7UCWPdMiywT4dM5E
2018-09-14 17:20:01.935内容: 1--3A54D2B3086B2C26D623187E4FB6B5D9,3A54D2B3086B2C26D623187E4FB6B5D9--o1ED6w0aGe-n7UCWPdMiywT4dM5E?userid=1,o1ED6w0aGe-n7UCWPdMiywT4dM5E
2018-09-14 17:20:09.623内容: 1--3A54D2B3086B2C26D623187E4FB6B5D9,3A54D2B3086B2C26D623187E4FB6B5D9--o1ED6w0aGe-n7UCWPdMiywT4dM5E?userid=1,o1ED6w0aGe-n7UCWPdMiywT4dM5E
2018-09-14 17:21:10.478内容: 1--3A54D2B3086B2C26D623187E4FB6B5D9--o1ED6w0aGe-n7UCWPdMiywT4dM5E
